<?xml version="1.0" encoding="UTF-8"?>
<!-- Generated by org.testng.reporters.JUnitReportReporter -->
<testsuite hostname="DESKTOP-O3SSUQF" failures="0" tests="1" name="com.pack.TestDemo" time="0.007" errors="0" timestamp="2021-09-23T00:08:32 IST" skipped="0">
  <testcase classname="com.pack.TestDemo" name="fun" time="0.007"/>
  <system-out/>
</testsuite> <!-- com.pack.TestDemo -->
